mode: set
github.com/hafidnrzs/learn-gotest/calculator/calculator.go:8.24,10.2 1 1
github.com/hafidnrzs/learn-gotest/calculator/calculator.go:12.29,14.2 1 1
github.com/hafidnrzs/learn-gotest/calculator/calculator.go:21.73,22.12 1 1
github.com/hafidnrzs/learn-gotest/calculator/calculator.go:22.12,24.3 1 1
github.com/hafidnrzs/learn-gotest/calculator/calculator.go:25.2,26.82 2 1
github.com/hafidnrzs/learn-gotest/validatetransfer/validatetransfer.go:12.61,13.25 1 1
github.com/hafidnrzs/learn-gotest/validatetransfer/validatetransfer.go:13.25,15.3 1 1
github.com/hafidnrzs/learn-gotest/validatetransfer/validatetransfer.go:17.2,17.31 1 1
github.com/hafidnrzs/learn-gotest/validatetransfer/validatetransfer.go:17.31,19.3 1 1
github.com/hafidnrzs/learn-gotest/validatetransfer/validatetransfer.go:21.2,21.35 1 1
github.com/hafidnrzs/learn-gotest/validatetransfer/validatetransfer.go:21.35,23.3 1 1
github.com/hafidnrzs/learn-gotest/validatetransfer/validatetransfer.go:25.2,25.40 1 1
github.com/hafidnrzs/learn-gotest/validatetransfer/validatetransfer.go:25.40,27.3 1 1
github.com/hafidnrzs/learn-gotest/validatetransfer/validatetransfer.go:29.2,29.12 1 0
